
[edit routing-instances vrf20 protocols]
-     evpn {
-         ip-prefix-routes {
-             advertise direct-nexthop;
-             encapsulation mpls;
-         }
-     }
+     bgp {
+         group QFX2 {
+             multihop {
+                 no-nexthop-change;
+             }
+             peer-as 65222;
+             neighbor 10.20.2.222 {
+                 export PL-EVI20-DEFAULT-NH-VGA-V4;
+             }
+             neighbor 202::222 {
+                 export PL-EVI20-DEFAULT-NH-VGA-V6;
+             }
+         }
+     }
