
[edit policy-options]
+   policy-statement PL-EVI10-DEFAULT-NH-VGA-V4 {
+       term DEFAULT-NH-VGA-V4 {
+           from {
+               prefix-list PL-DEFAULT-V4;
+           }
+           then {
+               next-hop 10.10.2.1;
+               accept;
+           }
+       }
+       term DROP {
+           then reject;
+       }
+   }
+   policy-statement PL-EVI10-DEFAULT-NH-VGA-V6 {
+       term DEFAULT-NH-VGA-V6 {
+           from {
+               prefix-list PL-DEFAULT-V6;
+           }
+           then {
+               next-hop 102::1;
+               accept;
+           }
+       }
+       term DROP {
+           then reject;
+       }
+   }
