
[edit policy-options]
+   policy-statement PL-EVI10-V4 {
+       term DEFAULT-NH-VGA-V4 {
+           from {
+               prefix-list PL-EVI10-V4;
+           }
+           then {
+               next-hop 10.10.0.1;
+               accept;
+           }
+       }
+       term DROP {
+           then reject;
+       }
+   }
+   policy-statement PL-EVI10-V6 {
+       term DEFAULT-NH-VGA-V6 {
+           from {
+               prefix-list PL-EVI10-V6;
+           }
+           then {
+               next-hop 100::1;
+               accept;
+           }
+       }
+       term DROP {
+           then reject;
+       }
+   }
[edit routing-instances vrf10 protocols bgp group SRX-ANS-3 neighbor 10.10.0.100]
-       export PL-10-NH-VGA-v4;
+       export PL-EVI10-V4;
[edit routing-instances vrf10 protocols bgp group SRX-ANS-3 neighbor 100::100]
-       export PL-10-NH-VGA-v6;
+       export PL-EVI10-V6;
